<?xml version="1.0" encoding="UTF-8"?>
<!-- Generated by org.testng.reporters.JUnitReportReporter -->
<testsuite skipped="0" hostname="qaplanet-PC" name="testBase.ExecuteTests" tests="1" failures="0" timestamp="25 May 2019 13:38:09 GMT" time="32.462" errors="0">
  <testcase name="login" time="32.462" classname="testBase.ExecuteTests"/>
</testsuite> <!-- testBase.ExecuteTests -->
